0 info it worked if it ends with ok
1 verbose cli [ 'node', '/usr/bin/npm', 'install' ]
2 info using npm@1.3.6
3 info using node@v0.10.42
4 verbose readDependencies using package.json deps
5 verbose install where, deps [ '/home/philip/projects/experiments/scripture',
5 verbose install   [ 'babel-brunch',
5 verbose install     'brunch',
5 verbose install     'clean-css-brunch',
5 verbose install     'css-brunch',
5 verbose install     'javascript-brunch',
5 verbose install     'uglify-js-brunch',
5 verbose install     'phoenix',
5 verbose install     'phoenix_html' ] ]
6 info preinstall @
7 verbose readDependencies using package.json deps
8 verbose cache add [ 'babel-brunch@~6.0.0', null ]
9 verbose cache add name=undefined spec="babel-brunch@~6.0.0" args=["babel-brunch@~6.0.0",null]
10 verbose parsed url { protocol: null,
10 verbose parsed url   slashes: null,
10 verbose parsed url   auth: null,
10 verbose parsed url   host: null,
10 verbose parsed url   port: null,
10 verbose parsed url   hostname: null,
10 verbose parsed url   hash: null,
10 verbose parsed url   search: null,
10 verbose parsed url   query: null,
10 verbose parsed url   pathname: 'babel-brunch@~6.0.0',
10 verbose parsed url   path: 'babel-brunch@~6.0.0',
10 verbose parsed url   href: 'babel-brunch@~6.0.0' }
11 verbose cache add name="babel-brunch" spec="~6.0.0" args=["babel-brunch","~6.0.0"]
12 verbose parsed url { protocol: null,
12 verbose parsed url   slashes: null,
12 verbose parsed url   auth: null,
12 verbose parsed url   host: null,
12 verbose parsed url   port: null,
12 verbose parsed url   hostname: null,
12 verbose parsed url   hash: null,
12 verbose parsed url   search: null,
12 verbose parsed url   query: null,
12 verbose parsed url   pathname: '~6.0.0',
12 verbose parsed url   path: '~6.0.0',
12 verbose parsed url   href: '~6.0.0' }
13 verbose addNamed [ 'babel-brunch', '~6.0.0' ]
14 verbose addNamed [ null, '>=6.0.0-0 <6.1.0-0' ]
15 verbose cache add [ 'brunch@~2.1.3', null ]
16 verbose cache add name=undefined spec="brunch@~2.1.3" args=["brunch@~2.1.3",null]
17 verbose parsed url { protocol: null,
17 verbose parsed url   slashes: null,
17 verbose parsed url   auth: null,
17 verbose parsed url   host: null,
17 verbose parsed url   port: null,
17 verbose parsed url   hostname: null,
17 verbose parsed url   hash: null,
17 verbose parsed url   search: null,
17 verbose parsed url   query: null,
17 verbose parsed url   pathname: 'brunch@~2.1.3',
17 verbose parsed url   path: 'brunch@~2.1.3',
17 verbose parsed url   href: 'brunch@~2.1.3' }
18 verbose cache add name="brunch" spec="~2.1.3" args=["brunch","~2.1.3"]
19 verbose parsed url { protocol: null,
19 verbose parsed url   slashes: null,
19 verbose parsed url   auth: null,
19 verbose parsed url   host: null,
19 verbose parsed url   port: null,
19 verbose parsed url   hostname: null,
19 verbose parsed url   hash: null,
19 verbose parsed url   search: null,
19 verbose parsed url   query: null,
19 verbose parsed url   pathname: '~2.1.3',
19 verbose parsed url   path: '~2.1.3',
19 verbose parsed url   href: '~2.1.3' }
20 verbose addNamed [ 'brunch', '~2.1.3' ]
21 verbose addNamed [ null, '>=2.1.3-0 <2.2.0-0' ]
22 verbose cache add [ 'clean-css-brunch@~1.8.0', null ]
23 verbose cache add name=undefined spec="clean-css-brunch@~1.8.0" args=["clean-css-brunch@~1.8.0",null]
24 verbose parsed url { protocol: null,
24 verbose parsed url   slashes: null,
24 verbose parsed url   auth: null,
24 verbose parsed url   host: null,
24 verbose parsed url   port: null,
24 verbose parsed url   hostname: null,
24 verbose parsed url   hash: null,
24 verbose parsed url   search: null,
24 verbose parsed url   query: null,
24 verbose parsed url   pathname: 'clean-css-brunch@~1.8.0',
24 verbose parsed url   path: 'clean-css-brunch@~1.8.0',
24 verbose parsed url   href: 'clean-css-brunch@~1.8.0' }
25 verbose cache add name="clean-css-brunch" spec="~1.8.0" args=["clean-css-brunch","~1.8.0"]
26 verbose parsed url { protocol: null,
26 verbose parsed url   slashes: null,
26 verbose parsed url   auth: null,
26 verbose parsed url   host: null,
26 verbose parsed url   port: null,
26 verbose parsed url   hostname: null,
26 verbose parsed url   hash: null,
26 verbose parsed url   search: null,
26 verbose parsed url   query: null,
26 verbose parsed url   pathname: '~1.8.0',
26 verbose parsed url   path: '~1.8.0',
26 verbose parsed url   href: '~1.8.0' }
27 verbose addNamed [ 'clean-css-brunch', '~1.8.0' ]
28 verbose addNamed [ null, '>=1.8.0-0 <1.9.0-0' ]
29 verbose cache add [ 'css-brunch@~1.7.0', null ]
30 verbose cache add name=undefined spec="css-brunch@~1.7.0" args=["css-brunch@~1.7.0",null]
31 verbose parsed url { protocol: null,
31 verbose parsed url   slashes: null,
31 verbose parsed url   auth: null,
31 verbose parsed url   host: null,
31 verbose parsed url   port: null,
31 verbose parsed url   hostname: null,
31 verbose parsed url   hash: null,
31 verbose parsed url   search: null,
31 verbose parsed url   query: null,
31 verbose parsed url   pathname: 'css-brunch@~1.7.0',
31 verbose parsed url   path: 'css-brunch@~1.7.0',
31 verbose parsed url   href: 'css-brunch@~1.7.0' }
32 verbose cache add name="css-brunch" spec="~1.7.0" args=["css-brunch","~1.7.0"]
33 verbose parsed url { protocol: null,
33 verbose parsed url   slashes: null,
33 verbose parsed url   auth: null,
33 verbose parsed url   host: null,
33 verbose parsed url   port: null,
33 verbose parsed url   hostname: null,
33 verbose parsed url   hash: null,
33 verbose parsed url   search: null,
33 verbose parsed url   query: null,
33 verbose parsed url   pathname: '~1.7.0',
33 verbose parsed url   path: '~1.7.0',
33 verbose parsed url   href: '~1.7.0' }
34 verbose addNamed [ 'css-brunch', '~1.7.0' ]
35 verbose addNamed [ null, '>=1.7.0-0 <1.8.0-0' ]
36 verbose cache add [ 'javascript-brunch@~1.8.0', null ]
37 verbose cache add name=undefined spec="javascript-brunch@~1.8.0" args=["javascript-brunch@~1.8.0",null]
38 verbose parsed url { protocol: null,
38 verbose parsed url   slashes: null,
38 verbose parsed url   auth: null,
38 verbose parsed url   host: null,
38 verbose parsed url   port: null,
38 verbose parsed url   hostname: null,
38 verbose parsed url   hash: null,
38 verbose parsed url   search: null,
38 verbose parsed url   query: null,
38 verbose parsed url   pathname: 'javascript-brunch@~1.8.0',
38 verbose parsed url   path: 'javascript-brunch@~1.8.0',
38 verbose parsed url   href: 'javascript-brunch@~1.8.0' }
39 verbose cache add name="javascript-brunch" spec="~1.8.0" args=["javascript-brunch","~1.8.0"]
40 verbose parsed url { protocol: null,
40 verbose parsed url   slashes: null,
40 verbose parsed url   auth: null,
40 verbose parsed url   host: null,
40 verbose parsed url   port: null,
40 verbose parsed url   hostname: null,
40 verbose parsed url   hash: null,
40 verbose parsed url   search: null,
40 verbose parsed url   query: null,
40 verbose parsed url   pathname: '~1.8.0',
40 verbose parsed url   path: '~1.8.0',
40 verbose parsed url   href: '~1.8.0' }
41 verbose addNamed [ 'javascript-brunch', '~1.8.0' ]
42 verbose addNamed [ null, '>=1.8.0-0 <1.9.0-0' ]
43 verbose cache add [ 'uglify-js-brunch@~1.7.0', null ]
44 verbose cache add name=undefined spec="uglify-js-brunch@~1.7.0" args=["uglify-js-brunch@~1.7.0",null]
45 verbose parsed url { protocol: null,
45 verbose parsed url   slashes: null,
45 verbose parsed url   auth: null,
45 verbose parsed url   host: null,
45 verbose parsed url   port: null,
45 verbose parsed url   hostname: null,
45 verbose parsed url   hash: null,
45 verbose parsed url   search: null,
45 verbose parsed url   query: null,
45 verbose parsed url   pathname: 'uglify-js-brunch@~1.7.0',
45 verbose parsed url   path: 'uglify-js-brunch@~1.7.0',
45 verbose parsed url   href: 'uglify-js-brunch@~1.7.0' }
46 verbose cache add name="uglify-js-brunch" spec="~1.7.0" args=["uglify-js-brunch","~1.7.0"]
47 verbose parsed url { protocol: null,
47 verbose parsed url   slashes: null,
47 verbose parsed url   auth: null,
47 verbose parsed url   host: null,
47 verbose parsed url   port: null,
47 verbose parsed url   hostname: null,
47 verbose parsed url   hash: null,
47 verbose parsed url   search: null,
47 verbose parsed url   query: null,
47 verbose parsed url   pathname: '~1.7.0',
47 verbose parsed url   path: '~1.7.0',
47 verbose parsed url   href: '~1.7.0' }
48 verbose addNamed [ 'uglify-js-brunch', '~1.7.0' ]
49 verbose addNamed [ null, '>=1.7.0-0 <1.8.0-0' ]
50 verbose cache add [ 'phoenix@file:deps/phoenix', null ]
51 verbose cache add name=undefined spec="phoenix@file:deps/phoenix" args=["phoenix@file:deps/phoenix",null]
52 verbose parsed url { protocol: null,
52 verbose parsed url   slashes: null,
52 verbose parsed url   auth: null,
52 verbose parsed url   host: null,
52 verbose parsed url   port: null,
52 verbose parsed url   hostname: null,
52 verbose parsed url   hash: null,
52 verbose parsed url   search: null,
52 verbose parsed url   query: null,
52 verbose parsed url   pathname: 'phoenix@file:deps/phoenix',
52 verbose parsed url   path: 'phoenix@file:deps/phoenix',
52 verbose parsed url   href: 'phoenix@file:deps/phoenix' }
53 verbose cache add name="phoenix" spec="file:deps/phoenix" args=["phoenix","file:deps/phoenix"]
54 verbose parsed url { protocol: 'file:',
54 verbose parsed url   slashes: null,
54 verbose parsed url   auth: null,
54 verbose parsed url   host: null,
54 verbose parsed url   port: null,
54 verbose parsed url   hostname: null,
54 verbose parsed url   hash: null,
54 verbose parsed url   search: null,
54 verbose parsed url   query: null,
54 verbose parsed url   pathname: 'deps/phoenix',
54 verbose parsed url   path: 'deps/phoenix',
54 verbose parsed url   href: 'file:deps/phoenix' }
55 verbose addNamed [ 'phoenix', 'file:deps/phoenix' ]
56 verbose addNamed [ null, null ]
57 silly lockFile 6b74a846-babel-brunch-6-0-0 babel-brunch@~6.0.0
58 verbose lock babel-brunch@~6.0.0 /home/philip/.npm/6b74a846-babel-brunch-6-0-0.lock
59 silly lockFile ae899708-brunch-2-1-3 brunch@~2.1.3
60 verbose lock brunch@~2.1.3 /home/philip/.npm/ae899708-brunch-2-1-3.lock
61 silly lockFile ce351c63-clean-css-brunch-1-8-0 clean-css-brunch@~1.8.0
62 verbose lock clean-css-brunch@~1.8.0 /home/philip/.npm/ce351c63-clean-css-brunch-1-8-0.lock
63 silly lockFile 37226b7f-css-brunch-1-7-0 css-brunch@~1.7.0
64 verbose lock css-brunch@~1.7.0 /home/philip/.npm/37226b7f-css-brunch-1-7-0.lock
65 silly lockFile 1e79e113-uglify-js-brunch-1-7-0 uglify-js-brunch@~1.7.0
66 verbose lock uglify-js-brunch@~1.7.0 /home/philip/.npm/1e79e113-uglify-js-brunch-1-7-0.lock
67 silly lockFile e65a8e02-javascript-brunch-1-8-0 javascript-brunch@~1.8.0
68 verbose lock javascript-brunch@~1.8.0 /home/philip/.npm/e65a8e02-javascript-brunch-1-8-0.lock
69 verbose cache add [ 'phoenix_html@file:deps/phoenix_html', null ]
70 verbose cache add name=undefined spec="phoenix_html@file:deps/phoenix_html" args=["phoenix_html@file:deps/phoenix_html",null]
71 verbose parsed url { protocol: null,
71 verbose parsed url   slashes: null,
71 verbose parsed url   auth: null,
71 verbose parsed url   host: null,
71 verbose parsed url   port: null,
71 verbose parsed url   hostname: null,
71 verbose parsed url   hash: null,
71 verbose parsed url   search: null,
71 verbose parsed url   query: null,
71 verbose parsed url   pathname: 'phoenix_html@file:deps/phoenix_html',
71 verbose parsed url   path: 'phoenix_html@file:deps/phoenix_html',
71 verbose parsed url   href: 'phoenix_html@file:deps/phoenix_html' }
72 verbose cache add name="phoenix_html" spec="file:deps/phoenix_html" args=["phoenix_html","file:deps/phoenix_html"]
73 verbose parsed url { protocol: 'file:',
73 verbose parsed url   slashes: null,
73 verbose parsed url   auth: null,
73 verbose parsed url   host: null,
73 verbose parsed url   port: null,
73 verbose parsed url   hostname: null,
73 verbose parsed url   hash: null,
73 verbose parsed url   search: null,
73 verbose parsed url   query: null,
73 verbose parsed url   pathname: 'deps/phoenix_html',
73 verbose parsed url   path: 'deps/phoenix_html',
73 verbose parsed url   href: 'file:deps/phoenix_html' }
74 verbose addNamed [ 'phoenix_html', 'file:deps/phoenix_html' ]
75 verbose addNamed [ null, null ]
76 silly lockFile 3d88e48d-enix-html-file-deps-phoenix-html phoenix_html@file:deps/phoenix_html
77 verbose lock phoenix_html@file:deps/phoenix_html /home/philip/.npm/3d88e48d-enix-html-file-deps-phoenix-html.lock
78 silly lockFile 25706d37-phoenix-file-deps-phoenix phoenix@file:deps/phoenix
79 verbose lock phoenix@file:deps/phoenix /home/philip/.npm/25706d37-phoenix-file-deps-phoenix.lock
80 silly addNameRange { name: 'babel-brunch',
80 silly addNameRange   range: '>=6.0.0-0 <6.1.0-0',
80 silly addNameRange   hasData: false }
81 silly addNameRange { name: 'brunch', range: '>=2.1.3-0 <2.2.0-0', hasData: false }
82 silly addNameRange { name: 'clean-css-brunch',
82 silly addNameRange   range: '>=1.8.0-0 <1.9.0-0',
82 silly addNameRange   hasData: false }
83 silly addNameRange { name: 'uglify-js-brunch',
83 silly addNameRange   range: '>=1.7.0-0 <1.8.0-0',
83 silly addNameRange   hasData: false }
84 silly addNameRange { name: 'css-brunch',
84 silly addNameRange   range: '>=1.7.0-0 <1.8.0-0',
84 silly addNameRange   hasData: false }
85 silly addNameRange { name: 'javascript-brunch',
85 silly addNameRange   range: '>=1.8.0-0 <1.9.0-0',
85 silly addNameRange   hasData: false }
86 info addNameTag [ 'phoenix_html', 'file:deps/phoenix_html' ]
87 verbose url raw babel-brunch
88 verbose url resolving [ 'https://registry.npmjs.org/', './babel-brunch' ]
89 verbose url resolved https://registry.npmjs.org/babel-brunch
90 info trying registry request attempt 1 at 00:41:47
91 http GET https://registry.npmjs.org/babel-brunch
92 verbose url raw brunch
93 verbose url resolving [ 'https://registry.npmjs.org/', './brunch' ]
94 verbose url resolved https://registry.npmjs.org/brunch
95 info trying registry request attempt 1 at 00:41:47
96 http GET https://registry.npmjs.org/brunch
97 verbose url raw clean-css-brunch
98 verbose url resolving [ 'https://registry.npmjs.org/', './clean-css-brunch' ]
99 verbose url resolved https://registry.npmjs.org/clean-css-brunch
100 info trying registry request attempt 1 at 00:41:47
101 http GET https://registry.npmjs.org/clean-css-brunch
102 verbose url raw uglify-js-brunch
103 verbose url resolving [ 'https://registry.npmjs.org/', './uglify-js-brunch' ]
104 verbose url resolved https://registry.npmjs.org/uglify-js-brunch
105 info trying registry request attempt 1 at 00:41:47
106 http GET https://registry.npmjs.org/uglify-js-brunch
107 verbose url raw css-brunch
108 verbose url resolving [ 'https://registry.npmjs.org/', './css-brunch' ]
109 verbose url resolved https://registry.npmjs.org/css-brunch
110 info trying registry request attempt 1 at 00:41:47
111 http GET https://registry.npmjs.org/css-brunch
112 verbose url raw javascript-brunch
113 verbose url resolving [ 'https://registry.npmjs.org/', './javascript-brunch' ]
114 verbose url resolved https://registry.npmjs.org/javascript-brunch
115 info trying registry request attempt 1 at 00:41:47
116 http GET https://registry.npmjs.org/javascript-brunch
117 info addNameTag [ 'phoenix', 'file:deps/phoenix' ]
118 verbose url raw phoenix_html
119 verbose url resolving [ 'https://registry.npmjs.org/', './phoenix_html' ]
120 verbose url resolved https://registry.npmjs.org/phoenix_html
121 info trying registry request attempt 1 at 00:41:47
122 http GET https://registry.npmjs.org/phoenix_html
123 verbose url raw phoenix
124 verbose url resolving [ 'https://registry.npmjs.org/', './phoenix' ]
125 verbose url resolved https://registry.npmjs.org/phoenix
126 info trying registry request attempt 1 at 00:41:47
127 http GET https://registry.npmjs.org/phoenix
128 http 200 https://registry.npmjs.org/babel-brunch
129 silly registry.get cb [ 200,
129 silly registry.get   { server: 'CouchDB/1.5.0 (Erlang OTP/R16B03)',
129 silly registry.get     etag: '"6UDF2GRX43BIZTQ9772DRSL2T"',
129 silly registry.get     'content-type': 'application/json',
129 silly registry.get     'cache-control': 'max-age=300',
129 silly registry.get     'content-length': '10242',
129 silly registry.get     'accept-ranges': 'bytes',
129 silly registry.get     date: 'Sat, 20 Feb 2016 23:41:48 GMT',
129 silly registry.get     via: '1.1 varnish',
129 silly registry.get     age: '0',
129 silly registry.get     connection: 'keep-alive',
129 silly registry.get     'x-served-by': 'cache-ams4129-AMS',
129 silly registry.get     'x-cache': 'MISS',
129 silly registry.get     'x-cache-hits': '0',
129 silly registry.get     'x-timer': 'S1456011707.836620,VS0,VE380',
129 silly registry.get     vary: 'Accept' } ]
130 http 200 https://registry.npmjs.org/uglify-js-brunch
131 silly registry.get cb [ 200,
131 silly registry.get   { server: 'CouchDB/1.5.0 (Erlang OTP/R16B03)',
131 silly registry.get     etag: '"13FU9J8Y5W216UTLU2ZRS4T4M"',
131 silly registry.get     'content-type': 'application/json',
131 silly registry.get     'cache-control': 'max-age=300',
131 silly registry.get     'content-length': '21492',
131 silly registry.get     'accept-ranges': 'bytes',
131 silly registry.get     date: 'Sat, 20 Feb 2016 23:41:48 GMT',
131 silly registry.get     via: '1.1 varnish',
131 silly registry.get     age: '0',
131 silly registry.get     connection: 'keep-alive',
131 silly registry.get     'x-served-by': 'cache-ams4132-AMS',
131 silly registry.get     'x-cache': 'HIT',
131 silly registry.get     'x-cache-hits': '1',
131 silly registry.get     'x-timer': 'S1456011707.836833,VS0,VE379',
131 silly registry.get     vary: 'Accept' } ]
132 http 200 https://registry.npmjs.org/clean-css-brunch
133 silly registry.get cb [ 200,
133 silly registry.get   { server: 'CouchDB/1.5.0 (Erlang OTP/R16B03)',
133 silly registry.get     etag: '"5MPZPCMAI74IWZRADCMJFIHZW"',
133 silly registry.get     'content-type': 'application/json',
133 silly registry.get     'cache-control': 'max-age=300',
133 silly registry.get     'content-length': '16128',
133 silly registry.get     'accept-ranges': 'bytes',
133 silly registry.get     date: 'Sat, 20 Feb 2016 23:41:48 GMT',
133 silly registry.get     via: '1.1 varnish',
133 silly registry.get     age: '0',
133 silly registry.get     connection: 'keep-alive',
133 silly registry.get     'x-served-by': 'cache-ams4120-AMS',
133 silly registry.get     'x-cache': 'HIT',
133 silly registry.get     'x-cache-hits': '1',
133 silly registry.get     'x-timer': 'S1456011707.840313,VS0,VE377',
133 silly registry.get     vary: 'Accept' } ]
134 silly addNameRange number 2 { name: 'babel-brunch',
134 silly addNameRange   range: '>=6.0.0-0 <6.1.0-0',
134 silly addNameRange   hasData: true }
135 silly addNameRange versions [ 'babel-brunch',
135 silly addNameRange   [ '4.0.0', '5.0.0', '5.0.1', '5.1.0', '5.1.1', '5.1.2', '6.0.0' ] ]
136 verbose addNamed [ 'babel-brunch', '6.0.0' ]
137 verbose addNamed [ '6.0.0', '6.0.0' ]
138 silly lockFile 06e49e6d-babel-brunch-6-0-0 babel-brunch@6.0.0
139 verbose lock babel-brunch@6.0.0 /home/philip/.npm/06e49e6d-babel-brunch-6-0-0.lock
140 silly lockFile 96f7e58e-el-brunch-babel-brunch-6-0-0-tgz https://registry.npmjs.org/babel-brunch/-/babel-brunch-6.0.0.tgz
141 verbose lock https://registry.npmjs.org/babel-brunch/-/babel-brunch-6.0.0.tgz /home/philip/.npm/96f7e58e-el-brunch-babel-brunch-6-0-0-tgz.lock
142 silly addNameRange number 2 { name: 'uglify-js-brunch',
142 silly addNameRange   range: '>=1.7.0-0 <1.8.0-0',
142 silly addNameRange   hasData: true }
143 silly addNameRange versions [ 'uglify-js-brunch',
143 silly addNameRange   [ '1.0.0',
143 silly addNameRange     '1.1.0',
143 silly addNameRange     '1.1.1',
143 silly addNameRange     '1.3.0',
143 silly addNameRange     '1.3.1',
143 silly addNameRange     '1.5.0',
143 silly addNameRange     '1.5.1',
143 silly addNameRange     '1.7.0',
143 silly addNameRange     '1.7.1',
143 silly addNameRange     '1.7.2',
143 silly addNameRange     '1.7.3',
143 silly addNameRange     '1.7.4',
143 silly addNameRange     '1.7.5',
143 silly addNameRange     '1.7.6',
143 silly addNameRange     '1.7.7',
143 silly addNameRange     '1.7.8',
143 silly addNameRange     '2.0.0',
143 silly addNameRange     '2.0.1' ] ]
144 verbose addNamed [ 'uglify-js-brunch', '1.7.8' ]
145 verbose addNamed [ '1.7.8', '1.7.8' ]
146 silly lockFile cd6b0dc2-uglify-js-brunch-1-7-8 uglify-js-brunch@1.7.8
147 verbose lock uglify-js-brunch@1.7.8 /home/philip/.npm/cd6b0dc2-uglify-js-brunch-1-7-8.lock
148 silly addNameRange number 2 { name: 'clean-css-brunch',
148 silly addNameRange   range: '>=1.8.0-0 <1.9.0-0',
148 silly addNameRange   hasData: true }
149 silly addNameRange versions [ 'clean-css-brunch',
149 silly addNameRange   [ '1.0.0',
149 silly addNameRange     '1.1.0',
149 silly addNameRange     '1.1.1',
149 silly addNameRange     '1.3.0',
149 silly addNameRange     '1.4.0',
149 silly addNameRange     '1.5.0',
149 silly addNameRange     '1.5.1',
149 silly addNameRange     '1.6.0',
149 silly addNameRange     '1.7.0',
149 silly addNameRange     '1.7.1',
149 silly addNameRange     '1.7.2',
149 silly addNameRange     '1.8.0',
149 silly addNameRange     '2.0.0' ] ]
150 verbose addNamed [ 'clean-css-brunch', '1.8.0' ]
151 verbose addNamed [ '1.8.0', '1.8.0' ]
152 silly lockFile ad3a297f-clean-css-brunch-1-8-0 clean-css-brunch@1.8.0
153 verbose lock clean-css-brunch@1.8.0 /home/philip/.npm/ad3a297f-clean-css-brunch-1-8-0.lock
154 verbose addRemoteTarball [ 'https://registry.npmjs.org/babel-brunch/-/babel-brunch-6.0.0.tgz',
154 verbose addRemoteTarball   '5f4f4a577c6a4ac46733b9daf3a71f872a6c493b' ]
155 http 200 https://registry.npmjs.org/css-brunch
156 silly registry.get cb [ 200,
156 silly registry.get   { server: 'CouchDB/1.5.0 (Erlang OTP/R16B03)',
156 silly registry.get     etag: '"3MLMEF015LTF3ST910NBEPF6Z"',
156 silly registry.get     'content-type': 'application/json',
156 silly registry.get     'cache-control': 'max-age=300',
156 silly registry.get     'content-length': '10863',
156 silly registry.get     'accept-ranges': 'bytes',
156 silly registry.get     date: 'Sat, 20 Feb 2016 23:41:48 GMT',
156 silly registry.get     via: '1.1 varnish',
156 silly registry.get     age: '0',
156 silly registry.get     connection: 'keep-alive',
156 silly registry.get     'x-served-by': 'cache-ams4141-AMS',
156 silly registry.get     'x-cache': 'HIT',
156 silly registry.get     'x-cache-hits': '1',
156 silly registry.get     'x-timer': 'S1456011707.840727,VS0,VE407',
156 silly registry.get     vary: 'Accept' } ]
157 silly lockFile 43154154-runch-uglify-js-brunch-1-7-8-tgz https://registry.npmjs.org/uglify-js-brunch/-/uglify-js-brunch-1.7.8.tgz
158 verbose lock https://registry.npmjs.org/uglify-js-brunch/-/uglify-js-brunch-1.7.8.tgz /home/philip/.npm/43154154-runch-uglify-js-brunch-1-7-8-tgz.lock
159 silly lockFile 356de468-runch-clean-css-brunch-1-8-0-tgz https://registry.npmjs.org/clean-css-brunch/-/clean-css-brunch-1.8.0.tgz
160 verbose lock https://registry.npmjs.org/clean-css-brunch/-/clean-css-brunch-1.8.0.tgz /home/philip/.npm/356de468-runch-clean-css-brunch-1-8-0-tgz.lock
161 verbose addRemoteTarball [ 'https://registry.npmjs.org/uglify-js-brunch/-/uglify-js-brunch-1.7.8.tgz',
161 verbose addRemoteTarball   'b36dffbcd19cfea27248d34797effef1ae9d3a62' ]
162 verbose addRemoteTarball [ 'https://registry.npmjs.org/clean-css-brunch/-/clean-css-brunch-1.8.0.tgz',
162 verbose addRemoteTarball   'efea5ac3e2a99d08155c6c14e1eef466757b0984' ]
163 silly addNameRange number 2 { name: 'css-brunch',
163 silly addNameRange   range: '>=1.7.0-0 <1.8.0-0',
163 silly addNameRange   hasData: true }
164 silly addNameRange versions [ 'css-brunch',
164 silly addNameRange   [ '1.0.0',
164 silly addNameRange     '1.1.0',
164 silly addNameRange     '1.1.1',
164 silly addNameRange     '1.3.0',
164 silly addNameRange     '1.5.0',
164 silly addNameRange     '1.5.1',
164 silly addNameRange     '1.6.0',
164 silly addNameRange     '1.7.0',
164 silly addNameRange     '2.0.0' ] ]
165 verbose addNamed [ 'css-brunch', '1.7.0' ]
166 verbose addNamed [ '1.7.0', '1.7.0' ]
167 silly lockFile c3390392-css-brunch-1-7-0 css-brunch@1.7.0
168 verbose lock css-brunch@1.7.0 /home/philip/.npm/c3390392-css-brunch-1-7-0.lock
169 info retry fetch attempt 1 at 00:41:48
170 verbose fetch to= /home/philip/tmp/npm-20650-DbK8lhFw/1456011708254-0.8870267830789089/tmp.tgz
171 info retry fetch attempt 1 at 00:41:48
172 verbose fetch to= /home/philip/tmp/npm-20650-DbK8lhFw/1456011708261-0.5208374152425677/tmp.tgz
173 info retry fetch attempt 1 at 00:41:48
174 verbose fetch to= /home/philip/tmp/npm-20650-DbK8lhFw/1456011708261-0.4933532397262752/tmp.tgz
175 http GET https://registry.npmjs.org/babel-brunch/-/babel-brunch-6.0.0.tgz
176 http GET https://registry.npmjs.org/uglify-js-brunch/-/uglify-js-brunch-1.7.8.tgz
177 silly lockFile e07423bc--css-brunch-css-brunch-1-7-0-tgz https://registry.npmjs.org/css-brunch/-/css-brunch-1.7.0.tgz
178 verbose lock https://registry.npmjs.org/css-brunch/-/css-brunch-1.7.0.tgz /home/philip/.npm/e07423bc--css-brunch-css-brunch-1-7-0-tgz.lock
179 http GET https://registry.npmjs.org/clean-css-brunch/-/clean-css-brunch-1.8.0.tgz
180 verbose addRemoteTarball [ 'https://registry.npmjs.org/css-brunch/-/css-brunch-1.7.0.tgz',
180 verbose addRemoteTarball   '258c1b038a970840af0c6a8e5582f614050294da' ]
181 info retry fetch attempt 1 at 00:41:48
182 verbose fetch to= /home/philip/tmp/npm-20650-DbK8lhFw/1456011708267-0.6886438499204814/tmp.tgz
183 http GET https://registry.npmjs.org/css-brunch/-/css-brunch-1.7.0.tgz
184 http 200 https://registry.npmjs.org/uglify-js-brunch/-/uglify-js-brunch-1.7.8.tgz
185 http 200 https://registry.npmjs.org/clean-css-brunch/-/clean-css-brunch-1.8.0.tgz
186 verbose tar unpack /home/philip/tmp/npm-20650-DbK8lhFw/1456011708261-0.5208374152425677/tmp.tgz
187 silly lockFile ac28994b-08261-0-5208374152425677-package tar:///home/philip/tmp/npm-20650-DbK8lhFw/1456011708261-0.5208374152425677/package
188 verbose lock tar:///home/philip/tmp/npm-20650-DbK8lhFw/1456011708261-0.5208374152425677/package /home/philip/.npm/ac28994b-08261-0-5208374152425677-package.lock
189 silly lockFile 4b2fdc02-08261-0-5208374152425677-tmp-tgz tar:///home/philip/tmp/npm-20650-DbK8lhFw/1456011708261-0.5208374152425677/tmp.tgz
190 verbose lock tar:///home/philip/tmp/npm-20650-DbK8lhFw/1456011708261-0.5208374152425677/tmp.tgz /home/philip/.npm/4b2fdc02-08261-0-5208374152425677-tmp-tgz.lock
191 verbose tar unpack /home/philip/tmp/npm-20650-DbK8lhFw/1456011708261-0.4933532397262752/tmp.tgz
192 silly lockFile 52676614-08261-0-4933532397262752-package tar:///home/philip/tmp/npm-20650-DbK8lhFw/1456011708261-0.4933532397262752/package
193 verbose lock tar:///home/philip/tmp/npm-20650-DbK8lhFw/1456011708261-0.4933532397262752/package /home/philip/.npm/52676614-08261-0-4933532397262752-package.lock
194 silly lockFile ee06cd8c-08261-0-4933532397262752-tmp-tgz tar:///home/philip/tmp/npm-20650-DbK8lhFw/1456011708261-0.4933532397262752/tmp.tgz
195 verbose lock tar:///home/philip/tmp/npm-20650-DbK8lhFw/1456011708261-0.4933532397262752/tmp.tgz /home/philip/.npm/ee06cd8c-08261-0-4933532397262752-tmp-tgz.lock
196 silly gunzTarPerm modes [ '755', '644' ]
197 silly gunzTarPerm modes [ '755', '644' ]
198 silly gunzTarPerm extractEntry package.json
199 silly gunzTarPerm extractEntry package.json
200 silly gunzTarPerm extractEntry .npmignore
201 silly gunzTarPerm extractEntry README.md
202 silly gunzTarPerm extractEntry .npmignore
203 silly gunzTarPerm extractEntry README.md
204 silly gunzTarPerm extractEntry index.js
205 silly gunzTarPerm extractEntry test.js
206 silly gunzTarPerm extractEntry index.js
207 silly gunzTarPerm extractEntry CHANGELOG.md
208 silly gunzTarPerm extractEntry CHANGELOG.md
209 silly lockFile ac28994b-08261-0-5208374152425677-package tar:///home/philip/tmp/npm-20650-DbK8lhFw/1456011708261-0.5208374152425677/package
210 silly lockFile ac28994b-08261-0-5208374152425677-package tar:///home/philip/tmp/npm-20650-DbK8lhFw/1456011708261-0.5208374152425677/package
211 http 200 https://registry.npmjs.org/javascript-brunch
212 silly registry.get cb [ 200,
212 silly registry.get   { server: 'CouchDB/1.5.0 (Erlang OTP/R16B03)',
212 silly registry.get     etag: '"29I869TOMAOKBX6F9X34ADN83"',
212 silly registry.get     'content-type': 'application/json',
212 silly registry.get     'cache-control': 'max-age=300',
212 silly registry.get     'content-length': '13721',
212 silly registry.get     'accept-ranges': 'bytes',
212 silly registry.get     date: 'Sat, 20 Feb 2016 23:41:48 GMT',
212 silly registry.get     via: '1.1 varnish',
212 silly registry.get     age: '0',
212 silly registry.get     connection: 'keep-alive',
212 silly registry.get     'x-served-by': 'cache-ams4129-AMS',
212 silly registry.get     'x-cache': 'HIT',
212 silly registry.get     'x-cache-hits': '1',
212 silly registry.get     'x-timer': 'S1456011708.241379,VS0,VE92',
212 silly registry.get     vary: 'Accept' } ]
213 silly lockFile 4b2fdc02-08261-0-5208374152425677-tmp-tgz tar:///home/philip/tmp/npm-20650-DbK8lhFw/1456011708261-0.5208374152425677/tmp.tgz
214 silly lockFile 4b2fdc02-08261-0-5208374152425677-tmp-tgz tar:///home/philip/tmp/npm-20650-DbK8lhFw/1456011708261-0.5208374152425677/tmp.tgz
215 verbose tar pack [ '/home/philip/.npm/uglify-js-brunch/1.7.8/package.tgz',
215 verbose tar pack   '/home/philip/tmp/npm-20650-DbK8lhFw/1456011708261-0.5208374152425677/package' ]
216 verbose tarball /home/philip/.npm/uglify-js-brunch/1.7.8/package.tgz
217 verbose folder /home/philip/tmp/npm-20650-DbK8lhFw/1456011708261-0.5208374152425677/package
218 silly lockFile ac28994b-08261-0-5208374152425677-package tar:///home/philip/tmp/npm-20650-DbK8lhFw/1456011708261-0.5208374152425677/package
219 verbose lock tar:///home/philip/tmp/npm-20650-DbK8lhFw/1456011708261-0.5208374152425677/package /home/philip/.npm/ac28994b-08261-0-5208374152425677-package.lock
220 silly lockFile 2a10b2a4-lify-js-brunch-1-7-8-package-tgz tar:///home/philip/.npm/uglify-js-brunch/1.7.8/package.tgz
221 verbose lock tar:///home/philip/.npm/uglify-js-brunch/1.7.8/package.tgz /home/philip/.npm/2a10b2a4-lify-js-brunch-1-7-8-package-tgz.lock
222 silly lockFile 52676614-08261-0-4933532397262752-package tar:///home/philip/tmp/npm-20650-DbK8lhFw/1456011708261-0.4933532397262752/package
223 silly lockFile 52676614-08261-0-4933532397262752-package tar:///home/philip/tmp/npm-20650-DbK8lhFw/1456011708261-0.4933532397262752/package
224 silly lockFile ee06cd8c-08261-0-4933532397262752-tmp-tgz tar:///home/philip/tmp/npm-20650-DbK8lhFw/1456011708261-0.4933532397262752/tmp.tgz
225 silly lockFile ee06cd8c-08261-0-4933532397262752-tmp-tgz tar:///home/philip/tmp/npm-20650-DbK8lhFw/1456011708261-0.4933532397262752/tmp.tgz
226 silly addNameRange number 2 { name: 'javascript-brunch',
226 silly addNameRange   range: '>=1.8.0-0 <1.9.0-0',
226 silly addNameRange   hasData: true }
227 silly addNameRange versions [ 'javascript-brunch',
227 silly addNameRange   [ '1.0.0',
227 silly addNameRange     '1.1.0',
227 silly addNameRange     '1.1.1',
227 silly addNameRange     '1.3.0',
227 silly addNameRange     '1.5.0',
227 silly addNameRange     '1.5.1',
227 silly addNameRange     '1.6.0',
227 silly addNameRange     '1.7.0',
227 silly addNameRange     '1.7.1',
227 silly addNameRange     '1.8.0',
227 silly addNameRange     '2.0.0' ] ]
228 verbose addNamed [ 'javascript-brunch', '1.8.0' ]
229 verbose addNamed [ '1.8.0', '1.8.0' ]
230 silly lockFile a03396de-javascript-brunch-1-8-0 javascript-brunch@1.8.0
231 verbose lock javascript-brunch@1.8.0 /home/philip/.npm/a03396de-javascript-brunch-1-8-0.lock
232 verbose tar pack [ '/home/philip/.npm/clean-css-brunch/1.8.0/package.tgz',
232 verbose tar pack   '/home/philip/tmp/npm-20650-DbK8lhFw/1456011708261-0.4933532397262752/package' ]
233 verbose tarball /home/philip/.npm/clean-css-brunch/1.8.0/package.tgz
234 verbose folder /home/philip/tmp/npm-20650-DbK8lhFw/1456011708261-0.4933532397262752/package
235 silly lockFile 52676614-08261-0-4933532397262752-package tar:///home/philip/tmp/npm-20650-DbK8lhFw/1456011708261-0.4933532397262752/package
236 verbose lock tar:///home/philip/tmp/npm-20650-DbK8lhFw/1456011708261-0.4933532397262752/package /home/philip/.npm/52676614-08261-0-4933532397262752-package.lock
237 silly lockFile 961f6471-ean-css-brunch-1-8-0-package-tgz tar:///home/philip/.npm/clean-css-brunch/1.8.0/package.tgz
238 verbose lock tar:///home/philip/.npm/clean-css-brunch/1.8.0/package.tgz /home/philip/.npm/961f6471-ean-css-brunch-1-8-0-package-tgz.lock
239 silly lockFile ff384f7a-unch-javascript-brunch-1-8-0-tgz https://registry.npmjs.org/javascript-brunch/-/javascript-brunch-1.8.0.tgz
240 verbose lock https://registry.npmjs.org/javascript-brunch/-/javascript-brunch-1.8.0.tgz /home/philip/.npm/ff384f7a-unch-javascript-brunch-1-8-0-tgz.lock
241 verbose addRemoteTarball [ 'https://registry.npmjs.org/javascript-brunch/-/javascript-brunch-1.8.0.tgz',
241 verbose addRemoteTarball   '9d01b681f9e4f66bbe51cc1dbb70325ef3d831a5' ]
242 info retry fetch attempt 1 at 00:41:48
243 verbose fetch to= /home/philip/tmp/npm-20650-DbK8lhFw/1456011708357-0.5287352385930717/tmp.tgz
244 http GET https://registry.npmjs.org/javascript-brunch/-/javascript-brunch-1.8.0.tgz
245 silly lockFile ac28994b-08261-0-5208374152425677-package tar:///home/philip/tmp/npm-20650-DbK8lhFw/1456011708261-0.5208374152425677/package
246 silly lockFile ac28994b-08261-0-5208374152425677-package tar:///home/philip/tmp/npm-20650-DbK8lhFw/1456011708261-0.5208374152425677/package
247 silly lockFile 2a10b2a4-lify-js-brunch-1-7-8-package-tgz tar:///home/philip/.npm/uglify-js-brunch/1.7.8/package.tgz
248 silly lockFile 2a10b2a4-lify-js-brunch-1-7-8-package-tgz tar:///home/philip/.npm/uglify-js-brunch/1.7.8/package.tgz
249 silly lockFile d762e4f4-m-uglify-js-brunch-1-7-8-package /home/philip/.npm/uglify-js-brunch/1.7.8/package
250 verbose lock /home/philip/.npm/uglify-js-brunch/1.7.8/package /home/philip/.npm/d762e4f4-m-uglify-js-brunch-1-7-8-package.lock
251 silly lockFile d762e4f4-m-uglify-js-brunch-1-7-8-package /home/philip/.npm/uglify-js-brunch/1.7.8/package
252 silly lockFile d762e4f4-m-uglify-js-brunch-1-7-8-package /home/philip/.npm/uglify-js-brunch/1.7.8/package
253 verbose tar unpack /home/philip/.npm/uglify-js-brunch/1.7.8/package.tgz
254 silly lockFile eb28c938-m-uglify-js-brunch-1-7-8-package tar:///home/philip/.npm/uglify-js-brunch/1.7.8/package
255 verbose lock tar:///home/philip/.npm/uglify-js-brunch/1.7.8/package /home/philip/.npm/eb28c938-m-uglify-js-brunch-1-7-8-package.lock
256 silly lockFile 2a10b2a4-lify-js-brunch-1-7-8-package-tgz tar:///home/philip/.npm/uglify-js-brunch/1.7.8/package.tgz
257 verbose lock tar:///home/philip/.npm/uglify-js-brunch/1.7.8/package.tgz /home/philip/.npm/2a10b2a4-lify-js-brunch-1-7-8-package-tgz.lock
258 silly lockFile 52676614-08261-0-4933532397262752-package tar:///home/philip/tmp/npm-20650-DbK8lhFw/1456011708261-0.4933532397262752/package
259 silly lockFile 52676614-08261-0-4933532397262752-package tar:///home/philip/tmp/npm-20650-DbK8lhFw/1456011708261-0.4933532397262752/package
260 silly lockFile 961f6471-ean-css-brunch-1-8-0-package-tgz tar:///home/philip/.npm/clean-css-brunch/1.8.0/package.tgz
261 silly lockFile 961f6471-ean-css-brunch-1-8-0-package-tgz tar:///home/philip/.npm/clean-css-brunch/1.8.0/package.tgz
262 silly gunzTarPerm modes [ '755', '644' ]
263 silly lockFile d4a2766e-m-clean-css-brunch-1-8-0-package /home/philip/.npm/clean-css-brunch/1.8.0/package
264 verbose lock /home/philip/.npm/clean-css-brunch/1.8.0/package /home/philip/.npm/d4a2766e-m-clean-css-brunch-1-8-0-package.lock
265 silly lockFile d4a2766e-m-clean-css-brunch-1-8-0-package /home/philip/.npm/clean-css-brunch/1.8.0/package
266 silly lockFile d4a2766e-m-clean-css-brunch-1-8-0-package /home/philip/.npm/clean-css-brunch/1.8.0/package
267 silly gunzTarPerm extractEntry package.json
268 verbose tar unpack /home/philip/.npm/clean-css-brunch/1.8.0/package.tgz
269 silly lockFile 8a7072ab-m-clean-css-brunch-1-8-0-package tar:///home/philip/.npm/clean-css-brunch/1.8.0/package
270 verbose lock tar:///home/philip/.npm/clean-css-brunch/1.8.0/package /home/philip/.npm/8a7072ab-m-clean-css-brunch-1-8-0-package.lock
271 silly lockFile 961f6471-ean-css-brunch-1-8-0-package-tgz tar:///home/philip/.npm/clean-css-brunch/1.8.0/package.tgz
272 verbose lock tar:///home/philip/.npm/clean-css-brunch/1.8.0/package.tgz /home/philip/.npm/961f6471-ean-css-brunch-1-8-0-package-tgz.lock
273 silly gunzTarPerm modes [ '755', '644' ]
274 silly gunzTarPerm extractEntry .npmignore
275 silly gunzTarPerm extractEntry README.md
276 silly gunzTarPerm extractEntry package.json
277 silly gunzTarPerm extractEntry index.js
278 silly gunzTarPerm extractEntry .npmignore
279 silly gunzTarPerm extractEntry README.md
280 silly gunzTarPerm extractEntry index.js
281 silly gunzTarPerm extractEntry test.js
282 silly lockFile eb28c938-m-uglify-js-brunch-1-7-8-package tar:///home/philip/.npm/uglify-js-brunch/1.7.8/package
283 silly lockFile eb28c938-m-uglify-js-brunch-1-7-8-package tar:///home/philip/.npm/uglify-js-brunch/1.7.8/package
284 silly lockFile 2a10b2a4-lify-js-brunch-1-7-8-package-tgz tar:///home/philip/.npm/uglify-js-brunch/1.7.8/package.tgz
285 silly lockFile 2a10b2a4-lify-js-brunch-1-7-8-package-tgz tar:///home/philip/.npm/uglify-js-brunch/1.7.8/package.tgz
286 verbose chmod /home/philip/.npm/uglify-js-brunch/1.7.8/package.tgz 644
287 verbose chown /home/philip/.npm/uglify-js-brunch/1.7.8/package.tgz [ 1000, 1000 ]
288 silly lockFile 43154154-runch-uglify-js-brunch-1-7-8-tgz https://registry.npmjs.org/uglify-js-brunch/-/uglify-js-brunch-1.7.8.tgz
289 silly lockFile 43154154-runch-uglify-js-brunch-1-7-8-tgz https://registry.npmjs.org/uglify-js-brunch/-/uglify-js-brunch-1.7.8.tgz
290 silly lockFile cd6b0dc2-uglify-js-brunch-1-7-8 uglify-js-brunch@1.7.8
291 silly lockFile cd6b0dc2-uglify-js-brunch-1-7-8 uglify-js-brunch@1.7.8
292 silly lockFile 1e79e113-uglify-js-brunch-1-7-0 uglify-js-brunch@~1.7.0
293 silly lockFile 1e79e113-uglify-js-brunch-1-7-0 uglify-js-brunch@~1.7.0
294 silly lockFile 8a7072ab-m-clean-css-brunch-1-8-0-package tar:///home/philip/.npm/clean-css-brunch/1.8.0/package
295 silly lockFile 8a7072ab-m-clean-css-brunch-1-8-0-package tar:///home/philip/.npm/clean-css-brunch/1.8.0/package
296 silly lockFile 961f6471-ean-css-brunch-1-8-0-package-tgz tar:///home/philip/.npm/clean-css-brunch/1.8.0/package.tgz
297 silly lockFile 961f6471-ean-css-brunch-1-8-0-package-tgz tar:///home/philip/.npm/clean-css-brunch/1.8.0/package.tgz
298 verbose chmod /home/philip/.npm/clean-css-brunch/1.8.0/package.tgz 644
299 verbose chown /home/philip/.npm/clean-css-brunch/1.8.0/package.tgz [ 1000, 1000 ]
300 silly lockFile 356de468-runch-clean-css-brunch-1-8-0-tgz https://registry.npmjs.org/clean-css-brunch/-/clean-css-brunch-1.8.0.tgz
301 silly lockFile 356de468-runch-clean-css-brunch-1-8-0-tgz https://registry.npmjs.org/clean-css-brunch/-/clean-css-brunch-1.8.0.tgz
302 silly lockFile ad3a297f-clean-css-brunch-1-8-0 clean-css-brunch@1.8.0
303 silly lockFile ad3a297f-clean-css-brunch-1-8-0 clean-css-brunch@1.8.0
304 silly lockFile ce351c63-clean-css-brunch-1-8-0 clean-css-brunch@~1.8.0
305 silly lockFile ce351c63-clean-css-brunch-1-8-0 clean-css-brunch@~1.8.0
306 http 200 https://registry.npmjs.org/css-brunch/-/css-brunch-1.7.0.tgz
307 verbose tar unpack /home/philip/tmp/npm-20650-DbK8lhFw/1456011708267-0.6886438499204814/tmp.tgz
308 silly lockFile 2f481462-08267-0-6886438499204814-package tar:///home/philip/tmp/npm-20650-DbK8lhFw/1456011708267-0.6886438499204814/package
309 verbose lock tar:///home/philip/tmp/npm-20650-DbK8lhFw/1456011708267-0.6886438499204814/package /home/philip/.npm/2f481462-08267-0-6886438499204814-package.lock
310 silly lockFile 4e97b080-08267-0-6886438499204814-tmp-tgz tar:///home/philip/tmp/npm-20650-DbK8lhFw/1456011708267-0.6886438499204814/tmp.tgz
311 verbose lock tar:///home/philip/tmp/npm-20650-DbK8lhFw/1456011708267-0.6886438499204814/tmp.tgz /home/philip/.npm/4e97b080-08267-0-6886438499204814-tmp-tgz.lock
312 silly gunzTarPerm modes [ '755', '644' ]
313 silly gunzTarPerm extractEntry package.json
314 silly gunzTarPerm extractEntry .npmignore
315 silly gunzTarPerm extractEntry README.md
316 silly gunzTarPerm extractEntry lib/index.js
317 silly lockFile 2f481462-08267-0-6886438499204814-package tar:///home/philip/tmp/npm-20650-DbK8lhFw/1456011708267-0.6886438499204814/package
318 silly lockFile 2f481462-08267-0-6886438499204814-package tar:///home/philip/tmp/npm-20650-DbK8lhFw/1456011708267-0.6886438499204814/package
319 silly lockFile 4e97b080-08267-0-6886438499204814-tmp-tgz tar:///home/philip/tmp/npm-20650-DbK8lhFw/1456011708267-0.6886438499204814/tmp.tgz
320 silly lockFile 4e97b080-08267-0-6886438499204814-tmp-tgz tar:///home/philip/tmp/npm-20650-DbK8lhFw/1456011708267-0.6886438499204814/tmp.tgz
321 verbose tar pack [ '/home/philip/.npm/css-brunch/1.7.0/package.tgz',
321 verbose tar pack   '/home/philip/tmp/npm-20650-DbK8lhFw/1456011708267-0.6886438499204814/package' ]
322 verbose tarball /home/philip/.npm/css-brunch/1.7.0/package.tgz
323 verbose folder /home/philip/tmp/npm-20650-DbK8lhFw/1456011708267-0.6886438499204814/package
324 silly lockFile 2f481462-08267-0-6886438499204814-package tar:///home/philip/tmp/npm-20650-DbK8lhFw/1456011708267-0.6886438499204814/package
325 verbose lock tar:///home/philip/tmp/npm-20650-DbK8lhFw/1456011708267-0.6886438499204814/package /home/philip/.npm/2f481462-08267-0-6886438499204814-package.lock
326 silly lockFile 5e652d4f-npm-css-brunch-1-7-0-package-tgz tar:///home/philip/.npm/css-brunch/1.7.0/package.tgz
327 verbose lock tar:///home/philip/.npm/css-brunch/1.7.0/package.tgz /home/philip/.npm/5e652d4f-npm-css-brunch-1-7-0-package-tgz.lock
328 silly lockFile 2f481462-08267-0-6886438499204814-package tar:///home/philip/tmp/npm-20650-DbK8lhFw/1456011708267-0.6886438499204814/package
329 silly lockFile 2f481462-08267-0-6886438499204814-package tar:///home/philip/tmp/npm-20650-DbK8lhFw/1456011708267-0.6886438499204814/package
330 silly lockFile 5e652d4f-npm-css-brunch-1-7-0-package-tgz tar:///home/philip/.npm/css-brunch/1.7.0/package.tgz
331 silly lockFile 5e652d4f-npm-css-brunch-1-7-0-package-tgz tar:///home/philip/.npm/css-brunch/1.7.0/package.tgz
332 silly lockFile 0ef16d6c-lip-npm-css-brunch-1-7-0-package /home/philip/.npm/css-brunch/1.7.0/package
333 verbose lock /home/philip/.npm/css-brunch/1.7.0/package /home/philip/.npm/0ef16d6c-lip-npm-css-brunch-1-7-0-package.lock
334 silly lockFile 0ef16d6c-lip-npm-css-brunch-1-7-0-package /home/philip/.npm/css-brunch/1.7.0/package
335 silly lockFile 0ef16d6c-lip-npm-css-brunch-1-7-0-package /home/philip/.npm/css-brunch/1.7.0/package
336 verbose tar unpack /home/philip/.npm/css-brunch/1.7.0/package.tgz
337 silly lockFile 2d738047-lip-npm-css-brunch-1-7-0-package tar:///home/philip/.npm/css-brunch/1.7.0/package
338 verbose lock tar:///home/philip/.npm/css-brunch/1.7.0/package /home/philip/.npm/2d738047-lip-npm-css-brunch-1-7-0-package.lock
339 silly lockFile 5e652d4f-npm-css-brunch-1-7-0-package-tgz tar:///home/philip/.npm/css-brunch/1.7.0/package.tgz
340 verbose lock tar:///home/philip/.npm/css-brunch/1.7.0/package.tgz /home/philip/.npm/5e652d4f-npm-css-brunch-1-7-0-package-tgz.lock
341 silly gunzTarPerm modes [ '755', '644' ]
342 silly gunzTarPerm extractEntry package.json
343 silly gunzTarPerm extractEntry .npmignore
344 silly gunzTarPerm extractEntry README.md
345 silly gunzTarPerm extractEntry lib/index.js
346 silly lockFile 2d738047-lip-npm-css-brunch-1-7-0-package tar:///home/philip/.npm/css-brunch/1.7.0/package
347 silly lockFile 2d738047-lip-npm-css-brunch-1-7-0-package tar:///home/philip/.npm/css-brunch/1.7.0/package
348 silly lockFile 5e652d4f-npm-css-brunch-1-7-0-package-tgz tar:///home/philip/.npm/css-brunch/1.7.0/package.tgz
349 silly lockFile 5e652d4f-npm-css-brunch-1-7-0-package-tgz tar:///home/philip/.npm/css-brunch/1.7.0/package.tgz
350 verbose chmod /home/philip/.npm/css-brunch/1.7.0/package.tgz 644
351 verbose chown /home/philip/.npm/css-brunch/1.7.0/package.tgz [ 1000, 1000 ]
352 silly lockFile e07423bc--css-brunch-css-brunch-1-7-0-tgz https://registry.npmjs.org/css-brunch/-/css-brunch-1.7.0.tgz
353 silly lockFile e07423bc--css-brunch-css-brunch-1-7-0-tgz https://registry.npmjs.org/css-brunch/-/css-brunch-1.7.0.tgz
354 silly lockFile c3390392-css-brunch-1-7-0 css-brunch@1.7.0
355 silly lockFile c3390392-css-brunch-1-7-0 css-brunch@1.7.0
356 silly lockFile 37226b7f-css-brunch-1-7-0 css-brunch@~1.7.0
357 silly lockFile 37226b7f-css-brunch-1-7-0 css-brunch@~1.7.0
358 http 200 https://registry.npmjs.org/javascript-brunch/-/javascript-brunch-1.8.0.tgz
359 verbose tar unpack /home/philip/tmp/npm-20650-DbK8lhFw/1456011708357-0.5287352385930717/tmp.tgz
360 silly lockFile e5c3ccca-08357-0-5287352385930717-package tar:///home/philip/tmp/npm-20650-DbK8lhFw/1456011708357-0.5287352385930717/package
361 verbose lock tar:///home/philip/tmp/npm-20650-DbK8lhFw/1456011708357-0.5287352385930717/package /home/philip/.npm/e5c3ccca-08357-0-5287352385930717-package.lock
362 silly lockFile 98777796-08357-0-5287352385930717-tmp-tgz tar:///home/philip/tmp/npm-20650-DbK8lhFw/1456011708357-0.5287352385930717/tmp.tgz
363 verbose lock tar:///home/philip/tmp/npm-20650-DbK8lhFw/1456011708357-0.5287352385930717/tmp.tgz /home/philip/.npm/98777796-08357-0-5287352385930717-tmp-tgz.lock
364 silly gunzTarPerm modes [ '755', '644' ]
365 silly gunzTarPerm extractEntry package.json
366 silly gunzTarPerm extractEntry .npmignore
367 silly gunzTarPerm extractEntry README.md
368 silly gunzTarPerm extractEntry index.js
369 silly gunzTarPerm extractEntry CHANGELOG.md
370 http 200 https://registry.npmjs.org/babel-brunch/-/babel-brunch-6.0.0.tgz
371 silly lockFile e5c3ccca-08357-0-5287352385930717-package tar:///home/philip/tmp/npm-20650-DbK8lhFw/1456011708357-0.5287352385930717/package
372 silly lockFile e5c3ccca-08357-0-5287352385930717-package tar:///home/philip/tmp/npm-20650-DbK8lhFw/1456011708357-0.5287352385930717/package
373 verbose tar unpack /home/philip/tmp/npm-20650-DbK8lhFw/1456011708254-0.8870267830789089/tmp.tgz
374 silly lockFile 8aeb85b2-08254-0-8870267830789089-package tar:///home/philip/tmp/npm-20650-DbK8lhFw/1456011708254-0.8870267830789089/package
375 verbose lock tar:///home/philip/tmp/npm-20650-DbK8lhFw/1456011708254-0.8870267830789089/package /home/philip/.npm/8aeb85b2-08254-0-8870267830789089-package.lock
376 silly lockFile 9c389e72-08254-0-8870267830789089-tmp-tgz tar:///home/philip/tmp/npm-20650-DbK8lhFw/1456011708254-0.8870267830789089/tmp.tgz
377 verbose lock tar:///home/philip/tmp/npm-20650-DbK8lhFw/1456011708254-0.8870267830789089/tmp.tgz /home/philip/.npm/9c389e72-08254-0-8870267830789089-tmp-tgz.lock
378 silly lockFile 98777796-08357-0-5287352385930717-tmp-tgz tar:///home/philip/tmp/npm-20650-DbK8lhFw/1456011708357-0.5287352385930717/tmp.tgz
379 silly lockFile 98777796-08357-0-5287352385930717-tmp-tgz tar:///home/philip/tmp/npm-20650-DbK8lhFw/1456011708357-0.5287352385930717/tmp.tgz
380 silly gunzTarPerm modes [ '755', '644' ]
381 verbose tar pack [ '/home/philip/.npm/javascript-brunch/1.8.0/package.tgz',
381 verbose tar pack   '/home/philip/tmp/npm-20650-DbK8lhFw/1456011708357-0.5287352385930717/package' ]
382 verbose tarball /home/philip/.npm/javascript-brunch/1.8.0/package.tgz
383 verbose folder /home/philip/tmp/npm-20650-DbK8lhFw/1456011708357-0.5287352385930717/package
384 silly lockFile e5c3ccca-08357-0-5287352385930717-package tar:///home/philip/tmp/npm-20650-DbK8lhFw/1456011708357-0.5287352385930717/package
385 verbose lock tar:///home/philip/tmp/npm-20650-DbK8lhFw/1456011708357-0.5287352385930717/package /home/philip/.npm/e5c3ccca-08357-0-5287352385930717-package.lock
386 silly lockFile 77c72081-ascript-brunch-1-8-0-package-tgz tar:///home/philip/.npm/javascript-brunch/1.8.0/package.tgz
387 verbose lock tar:///home/philip/.npm/javascript-brunch/1.8.0/package.tgz /home/philip/.npm/77c72081-ascript-brunch-1-8-0-package-tgz.lock
388 silly gunzTarPerm extractEntry package.json
389 silly gunzTarPerm extractEntry .npmignore
390 silly gunzTarPerm extractEntry README.md
391 silly gunzTarPerm extractEntry LICENSE
392 silly gunzTarPerm extractEntry index.js
393 silly gunzTarPerm extractEntry .travis.yml
394 silly lockFile e5c3ccca-08357-0-5287352385930717-package tar:///home/philip/tmp/npm-20650-DbK8lhFw/1456011708357-0.5287352385930717/package
395 silly lockFile e5c3ccca-08357-0-5287352385930717-package tar:///home/philip/tmp/npm-20650-DbK8lhFw/1456011708357-0.5287352385930717/package
396 silly lockFile 77c72081-ascript-brunch-1-8-0-package-tgz tar:///home/philip/.npm/javascript-brunch/1.8.0/package.tgz
397 silly lockFile 77c72081-ascript-brunch-1-8-0-package-tgz tar:///home/philip/.npm/javascript-brunch/1.8.0/package.tgz
398 silly lockFile ede54dc5--javascript-brunch-1-8-0-package /home/philip/.npm/javascript-brunch/1.8.0/package
399 verbose lock /home/philip/.npm/javascript-brunch/1.8.0/package /home/philip/.npm/ede54dc5--javascript-brunch-1-8-0-package.lock
400 silly lockFile ede54dc5--javascript-brunch-1-8-0-package /home/philip/.npm/javascript-brunch/1.8.0/package
401 silly lockFile ede54dc5--javascript-brunch-1-8-0-package /home/philip/.npm/javascript-brunch/1.8.0/package
402 verbose tar unpack /home/philip/.npm/javascript-brunch/1.8.0/package.tgz
403 silly lockFile e0729bd3--javascript-brunch-1-8-0-package tar:///home/philip/.npm/javascript-brunch/1.8.0/package
404 verbose lock tar:///home/philip/.npm/javascript-brunch/1.8.0/package /home/philip/.npm/e0729bd3--javascript-brunch-1-8-0-package.lock
405 silly lockFile 77c72081-ascript-brunch-1-8-0-package-tgz tar:///home/philip/.npm/javascript-brunch/1.8.0/package.tgz
406 verbose lock tar:///home/philip/.npm/javascript-brunch/1.8.0/package.tgz /home/philip/.npm/77c72081-ascript-brunch-1-8-0-package-tgz.lock
407 silly gunzTarPerm modes [ '755', '644' ]
408 silly gunzTarPerm extractEntry package.json
409 silly gunzTarPerm extractEntry .npmignore
410 silly gunzTarPerm extractEntry README.md
411 silly gunzTarPerm extractEntry index.js
412 silly lockFile 8aeb85b2-08254-0-8870267830789089-package tar:///home/philip/tmp/npm-20650-DbK8lhFw/1456011708254-0.8870267830789089/package
413 silly lockFile 8aeb85b2-08254-0-8870267830789089-package tar:///home/philip/tmp/npm-20650-DbK8lhFw/1456011708254-0.8870267830789089/package
414 silly lockFile 9c389e72-08254-0-8870267830789089-tmp-tgz tar:///home/philip/tmp/npm-20650-DbK8lhFw/1456011708254-0.8870267830789089/tmp.tgz
415 silly lockFile 9c389e72-08254-0-8870267830789089-tmp-tgz tar:///home/philip/tmp/npm-20650-DbK8lhFw/1456011708254-0.8870267830789089/tmp.tgz
416 verbose tar pack [ '/home/philip/.npm/babel-brunch/6.0.0/package.tgz',
416 verbose tar pack   '/home/philip/tmp/npm-20650-DbK8lhFw/1456011708254-0.8870267830789089/package' ]
417 verbose tarball /home/philip/.npm/babel-brunch/6.0.0/package.tgz
418 verbose folder /home/philip/tmp/npm-20650-DbK8lhFw/1456011708254-0.8870267830789089/package
419 silly lockFile 8aeb85b2-08254-0-8870267830789089-package tar:///home/philip/tmp/npm-20650-DbK8lhFw/1456011708254-0.8870267830789089/package
420 verbose lock tar:///home/philip/tmp/npm-20650-DbK8lhFw/1456011708254-0.8870267830789089/package /home/philip/.npm/8aeb85b2-08254-0-8870267830789089-package.lock
421 silly lockFile 395d667b-m-babel-brunch-6-0-0-package-tgz tar:///home/philip/.npm/babel-brunch/6.0.0/package.tgz
422 verbose lock tar:///home/philip/.npm/babel-brunch/6.0.0/package.tgz /home/philip/.npm/395d667b-m-babel-brunch-6-0-0-package-tgz.lock
423 silly lockFile e0729bd3--javascript-brunch-1-8-0-package tar:///home/philip/.npm/javascript-brunch/1.8.0/package
424 silly lockFile e0729bd3--javascript-brunch-1-8-0-package tar:///home/philip/.npm/javascript-brunch/1.8.0/package
425 silly lockFile 77c72081-ascript-brunch-1-8-0-package-tgz tar:///home/philip/.npm/javascript-brunch/1.8.0/package.tgz
426 silly lockFile 77c72081-ascript-brunch-1-8-0-package-tgz tar:///home/philip/.npm/javascript-brunch/1.8.0/package.tgz
427 verbose chmod /home/philip/.npm/javascript-brunch/1.8.0/package.tgz 644
428 verbose chown /home/philip/.npm/javascript-brunch/1.8.0/package.tgz [ 1000, 1000 ]
429 silly lockFile ff384f7a-unch-javascript-brunch-1-8-0-tgz https://registry.npmjs.org/javascript-brunch/-/javascript-brunch-1.8.0.tgz
430 silly lockFile ff384f7a-unch-javascript-brunch-1-8-0-tgz https://registry.npmjs.org/javascript-brunch/-/javascript-brunch-1.8.0.tgz
431 silly lockFile a03396de-javascript-brunch-1-8-0 javascript-brunch@1.8.0
432 silly lockFile a03396de-javascript-brunch-1-8-0 javascript-brunch@1.8.0
433 silly lockFile e65a8e02-javascript-brunch-1-8-0 javascript-brunch@~1.8.0
434 silly lockFile e65a8e02-javascript-brunch-1-8-0 javascript-brunch@~1.8.0
435 silly lockFile 8aeb85b2-08254-0-8870267830789089-package tar:///home/philip/tmp/npm-20650-DbK8lhFw/1456011708254-0.8870267830789089/package
436 silly lockFile 8aeb85b2-08254-0-8870267830789089-package tar:///home/philip/tmp/npm-20650-DbK8lhFw/1456011708254-0.8870267830789089/package
437 silly lockFile 395d667b-m-babel-brunch-6-0-0-package-tgz tar:///home/philip/.npm/babel-brunch/6.0.0/package.tgz
438 silly lockFile 395d667b-m-babel-brunch-6-0-0-package-tgz tar:///home/philip/.npm/babel-brunch/6.0.0/package.tgz
439 silly lockFile 3e3ea73f-p-npm-babel-brunch-6-0-0-package /home/philip/.npm/babel-brunch/6.0.0/package
440 verbose lock /home/philip/.npm/babel-brunch/6.0.0/package /home/philip/.npm/3e3ea73f-p-npm-babel-brunch-6-0-0-package.lock
441 silly lockFile 3e3ea73f-p-npm-babel-brunch-6-0-0-package /home/philip/.npm/babel-brunch/6.0.0/package
442 silly lockFile 3e3ea73f-p-npm-babel-brunch-6-0-0-package /home/philip/.npm/babel-brunch/6.0.0/package
443 verbose tar unpack /home/philip/.npm/babel-brunch/6.0.0/package.tgz
444 silly lockFile 2a3f6ef9-p-npm-babel-brunch-6-0-0-package tar:///home/philip/.npm/babel-brunch/6.0.0/package
445 verbose lock tar:///home/philip/.npm/babel-brunch/6.0.0/package /home/philip/.npm/2a3f6ef9-p-npm-babel-brunch-6-0-0-package.lock
446 silly lockFile 395d667b-m-babel-brunch-6-0-0-package-tgz tar:///home/philip/.npm/babel-brunch/6.0.0/package.tgz
447 verbose lock tar:///home/philip/.npm/babel-brunch/6.0.0/package.tgz /home/philip/.npm/395d667b-m-babel-brunch-6-0-0-package-tgz.lock
448 silly gunzTarPerm modes [ '755', '644' ]
449 silly gunzTarPerm extractEntry package.json
450 silly gunzTarPerm extractEntry .npmignore
451 silly gunzTarPerm extractEntry README.md
452 silly gunzTarPerm extractEntry LICENSE
453 silly gunzTarPerm extractEntry index.js
454 silly gunzTarPerm extractEntry .travis.yml
455 silly lockFile 2a3f6ef9-p-npm-babel-brunch-6-0-0-package tar:///home/philip/.npm/babel-brunch/6.0.0/package
456 silly lockFile 2a3f6ef9-p-npm-babel-brunch-6-0-0-package tar:///home/philip/.npm/babel-brunch/6.0.0/package
457 silly lockFile 395d667b-m-babel-brunch-6-0-0-package-tgz tar:///home/philip/.npm/babel-brunch/6.0.0/package.tgz
458 silly lockFile 395d667b-m-babel-brunch-6-0-0-package-tgz tar:///home/philip/.npm/babel-brunch/6.0.0/package.tgz
459 verbose chmod /home/philip/.npm/babel-brunch/6.0.0/package.tgz 644
460 verbose chown /home/philip/.npm/babel-brunch/6.0.0/package.tgz [ 1000, 1000 ]
461 silly lockFile 96f7e58e-el-brunch-babel-brunch-6-0-0-tgz https://registry.npmjs.org/babel-brunch/-/babel-brunch-6.0.0.tgz
462 silly lockFile 96f7e58e-el-brunch-babel-brunch-6-0-0-tgz https://registry.npmjs.org/babel-brunch/-/babel-brunch-6.0.0.tgz
463 silly lockFile 06e49e6d-babel-brunch-6-0-0 babel-brunch@6.0.0
464 silly lockFile 06e49e6d-babel-brunch-6-0-0 babel-brunch@6.0.0
465 silly lockFile 6b74a846-babel-brunch-6-0-0 babel-brunch@~6.0.0
466 silly lockFile 6b74a846-babel-brunch-6-0-0 babel-brunch@~6.0.0
467 http 200 https://registry.npmjs.org/brunch
468 silly registry.get cb [ 200,
468 silly registry.get   { server: 'CouchDB/1.5.0 (Erlang OTP/R16B03)',
468 silly registry.get     etag: '"1QFBF6DOSY56TAI1AWCT4WV40"',
468 silly registry.get     'content-type': 'application/json',
468 silly registry.get     'cache-control': 'max-age=300',
468 silly registry.get     'content-length': '199095',
468 silly registry.get     'accept-ranges': 'bytes',
468 silly registry.get     date: 'Sat, 20 Feb 2016 23:41:48 GMT',
468 silly registry.get     via: '1.1 varnish',
468 silly registry.get     age: '0',
468 silly registry.get     connection: 'keep-alive',
468 silly registry.get     'x-served-by': 'cache-ams4127-AMS',
468 silly registry.get     'x-cache': 'HIT',
468 silly registry.get     'x-cache-hits': '1',
468 silly registry.get     'x-timer': 'S1456011707.838665,VS0,VE727',
468 silly registry.get     vary: 'Accept' } ]
469 silly addNameRange number 2 { name: 'brunch', range: '>=2.1.3-0 <2.2.0-0', hasData: true }
470 silly addNameRange versions [ 'brunch',
470 silly addNameRange   [ '0.0.1',
470 silly addNameRange     '0.0.2',
470 silly addNameRange     '0.0.3',
470 silly addNameRange     '0.0.4',
470 silly addNameRange     '0.0.5',
470 silly addNameRange     '0.0.6',
470 silly addNameRange     '0.0.7',
470 silly addNameRange     '0.0.8',
470 silly addNameRange     '0.1.0',
470 silly addNameRange     '0.1.1',
470 silly addNameRange     '0.1.3',
470 silly addNameRange     '0.1.4',
470 silly addNameRange     '0.1.5',
470 silly addNameRange     '0.1.6',
470 silly addNameRange     '0.1.7',
470 silly addNameRange     '0.1.8',
470 silly addNameRange     '0.1.9',
470 silly addNameRange     '0.2.0',
470 silly addNameRange     '0.2.1',
470 silly addNameRange     '0.2.2',
470 silly addNameRange     '0.2.3',
470 silly addNameRange     '0.2.4',
470 silly addNameRange     '0.2.6',
470 silly addNameRange     '0.2.7',
470 silly addNameRange     '0.2.8',
470 silly addNameRange     '0.3.0',
470 silly addNameRange     '0.3.1',
470 silly addNameRange     '0.3.2',
470 silly addNameRange     '0.3.4',
470 silly addNameRange     '0.3.5',
470 silly addNameRange     '0.3.6',
470 silly addNameRange     '0.3.7',
470 silly addNameRange     '0.4.0',
470 silly addNameRange     '0.4.1',
470 silly addNameRange     '0.4.2',
470 silly addNameRange     '0.4.3',
470 silly addNameRange     '0.4.4',
470 silly addNameRange     '0.4.5',
470 silly addNameRange     '0.5.1',
470 silly addNameRange     '0.5.2',
470 silly addNameRange     '0.5.3',
470 silly addNameRange     '0.5.4',
470 silly addNameRange     '0.5.5',
470 silly addNameRange     '0.5.6',
470 silly addNameRange     '0.6.0',
470 silly addNameRange     '0.6.1',
470 silly addNameRange     '0.6.2',
470 silly addNameRange     '0.7.0',
470 silly addNameRange     '0.7.1',
470 silly addNameRange     '0.7.2',
470 silly addNameRange     '0.7.3',
470 silly addNameRange     '0.7.4',
470 silly addNameRange     '0.8.0',
470 silly addNameRange     '0.8.1',
470 silly addNameRange     '0.9.0-beta1',
470 silly addNameRange     '0.9.0',
470 silly addNameRange     '0.9.1',
470 silly addNameRange     '1.0.0',
470 silly addNameRange     '1.0.1',
470 silly addNameRange     '1.0.2',
470 silly addNameRange     '1.0.3',
470 silly addNameRange     '1.1.0',
470 silly addNameRange     '1.1.1',
470 silly addNameRange     '1.1.2',
470 silly addNameRange     '1.2.0',
470 silly addNameRange     '1.2.1',
470 silly addNameRange     '1.2.2',
470 silly addNameRange     '1.3.0',
470 silly addNameRange     '1.3.1',
470 silly addNameRange     '1.3.2',
470 silly addNameRange     '1.3.3',
470 silly addNameRange     '1.3.4',
470 silly addNameRange     '1.4.0',
470 silly addNameRange     '1.4.1',
470 silly addNameRange     '1.4.2',
470 silly addNameRange     '1.4.3',
470 silly addNameRange     '1.4.4',
470 silly addNameRange     '1.4.5',
470 silly addNameRange     '1.5.0',
470 silly addNameRange     '1.5.1',
470 silly addNameRange     '1.5.2',
470 silly addNameRange     '1.5.3',
470 silly addNameRange     '1.5.4',
470 silly addNameRange     '1.6.0',
470 silly addNameRange     '1.6.1',
470 silly addNameRange     '1.6.2',
470 silly addNameRange     '1.6.3',
470 silly addNameRange     '1.6.4',
470 silly addNameRange     '1.6.5',
470 silly addNameRange     '1.6.6',
470 silly addNameRange     '1.6.7',
470 silly addNameRange     '1.7.0',
470 silly addNameRange     '1.7.1',
470 silly addNameRange     '1.7.2',
470 silly addNameRange     '1.7.3',
470 silly addNameRange     '1.7.4',
470 silly addNameRange     '1.7.5',
470 silly addNameRange     '1.7.6',
470 silly addNameRange     '1.7.7',
470 silly addNameRange     '1.7.8',
470 silly addNameRange     '1.7.9',
470 silly addNameRange     '1.7.10',
470 silly addNameRange     '1.7.12',
470 silly addNameRange     '1.7.13',
470 silly addNameRange     '1.7.14',
470 silly addNameRange     '1.7.15',
470 silly addNameRange     '1.7.16',
470 silly addNameRange     '1.7.17',
470 silly addNameRange     '1.7.18',
470 silly addNameRange     '1.7.19',
470 silly addNameRange     '1.7.20',
470 silly addNameRange     '1.8.0',
470 silly addNameRange     '1.8.1',
470 silly addNameRange     '1.8.2',
470 silly addNameRange     '1.8.3',
470 silly addNameRange     '1.8.4',
470 silly addNameRange     '1.8.5',
470 silly addNameRange     '2.0.0',
470 silly addNameRange     '2.0.1',
470 silly addNameRange     '2.0.2',
470 silly addNameRange     '2.0.3',
470 silly addNameRange     '2.0.4',
470 silly addNameRange     '2.1.0',
470 silly addNameRange     '2.1.1',
470 silly addNameRange     '2.1.2',
470 silly addNameRange     '2.1.3',
470 silly addNameRange     '2.2.0',
470 silly addNameRange     '2.2.1',
470 silly addNameRange     '2.2.2',
470 silly addNameRange     '2.2.3',
470 silly addNameRange     '2.3.0',
470 silly addNameRange     '2.3.1',
470 silly addNameRange     '2.3.2' ] ]
471 verbose addNamed [ 'brunch', '2.1.3' ]
472 verbose addNamed [ '2.1.3', '2.1.3' ]
473 silly lockFile deb19202-brunch-2-1-3 brunch@2.1.3
474 verbose lock brunch@2.1.3 /home/philip/.npm/deb19202-brunch-2-1-3.lock
475 silly lockFile 33124ba8-pmjs-org-brunch-brunch-2-1-3-tgz https://registry.npmjs.org/brunch/-/brunch-2.1.3.tgz
476 verbose lock https://registry.npmjs.org/brunch/-/brunch-2.1.3.tgz /home/philip/.npm/33124ba8-pmjs-org-brunch-brunch-2-1-3-tgz.lock
477 verbose addRemoteTarball [ 'https://registry.npmjs.org/brunch/-/brunch-2.1.3.tgz',
477 verbose addRemoteTarball   'f695d23db6dd192e3d01a980fe57d5542a3d89d1' ]
478 info retry fetch attempt 1 at 00:41:48
479 verbose fetch to= /home/philip/tmp/npm-20650-DbK8lhFw/1456011708649-0.4557912938762456/tmp.tgz
480 http GET https://registry.npmjs.org/brunch/-/brunch-2.1.3.tgz
481 http 200 https://registry.npmjs.org/brunch/-/brunch-2.1.3.tgz
482 verbose tar unpack /home/philip/tmp/npm-20650-DbK8lhFw/1456011708649-0.4557912938762456/tmp.tgz
483 silly lockFile 0991fc24-08649-0-4557912938762456-package tar:///home/philip/tmp/npm-20650-DbK8lhFw/1456011708649-0.4557912938762456/package
484 verbose lock tar:///home/philip/tmp/npm-20650-DbK8lhFw/1456011708649-0.4557912938762456/package /home/philip/.npm/0991fc24-08649-0-4557912938762456-package.lock
485 silly lockFile 53440740-08649-0-4557912938762456-tmp-tgz tar:///home/philip/tmp/npm-20650-DbK8lhFw/1456011708649-0.4557912938762456/tmp.tgz
486 verbose lock tar:///home/philip/tmp/npm-20650-DbK8lhFw/1456011708649-0.4557912938762456/tmp.tgz /home/philip/.npm/53440740-08649-0-4557912938762456-tmp-tgz.lock
487 silly gunzTarPerm modes [ '755', '644' ]
488 silly gunzTarPerm extractEntry package.json
489 silly gunzTarPerm extractEntry .npmignore
490 silly gunzTarPerm extractEntry README.md
491 silly gunzTarPerm extractEntry LICENSE
492 silly gunzTarPerm extractEntry CONTRIBUTING.md
493 silly gunzTarPerm extractEntry .travis.yml
494 silly gunzTarPerm extractEntry CHANGELOG.md
495 silly gunzTarPerm extractEntry .editorconfig
496 silly gunzTarPerm extractEntry .eslintrc.json
497 silly gunzTarPerm extractEntry bin/brunch
498 silly gunzTarPerm extractEntry lib/application.js
499 silly gunzTarPerm extractEntry lib/deppack.js
500 silly gunzTarPerm extractEntry lib/watch.js
501 silly gunzTarPerm extractEntry lib/helpers.js
502 silly gunzTarPerm extractEntry lib/index.js
503 silly gunzTarPerm extractEntry lib/cli.js
504 silly gunzTarPerm extractEntry lib/modules.js
505 silly gunzTarPerm extractEntry lib/plugins.js
506 silly gunzTarPerm extractEntry lib/server.js
507 silly gunzTarPerm extractEntry lib/ui.js
508 silly gunzTarPerm extractEntry lib/worker.js
509 silly gunzTarPerm extractEntry lib/mediator.js
510 silly gunzTarPerm extractEntry lib/fs_utils/asset.js
511 silly gunzTarPerm extractEntry lib/fs_utils/common.js
512 silly gunzTarPerm extractEntry lib/fs_utils/file_list.js
513 silly gunzTarPerm extractEntry lib/fs_utils/generate.js
514 silly gunzTarPerm extractEntry lib/fs_utils/index.js
515 silly gunzTarPerm extractEntry lib/fs_utils/pipeline.js
516 silly gunzTarPerm extractEntry lib/fs_utils/source_file.js
517 silly gunzTarPerm extractEntry lib/fs_utils/write.js
518 silly gunzTarPerm extractEntry .gitmodules
519 silly lockFile 0991fc24-08649-0-4557912938762456-package tar:///home/philip/tmp/npm-20650-DbK8lhFw/1456011708649-0.4557912938762456/package
520 silly lockFile 0991fc24-08649-0-4557912938762456-package tar:///home/philip/tmp/npm-20650-DbK8lhFw/1456011708649-0.4557912938762456/package
521 silly lockFile 53440740-08649-0-4557912938762456-tmp-tgz tar:///home/philip/tmp/npm-20650-DbK8lhFw/1456011708649-0.4557912938762456/tmp.tgz
522 silly lockFile 53440740-08649-0-4557912938762456-tmp-tgz tar:///home/philip/tmp/npm-20650-DbK8lhFw/1456011708649-0.4557912938762456/tmp.tgz
523 verbose tar pack [ '/home/philip/.npm/brunch/2.1.3/package.tgz',
523 verbose tar pack   '/home/philip/tmp/npm-20650-DbK8lhFw/1456011708649-0.4557912938762456/package' ]
524 verbose tarball /home/philip/.npm/brunch/2.1.3/package.tgz
525 verbose folder /home/philip/tmp/npm-20650-DbK8lhFw/1456011708649-0.4557912938762456/package
526 silly lockFile 0991fc24-08649-0-4557912938762456-package tar:///home/philip/tmp/npm-20650-DbK8lhFw/1456011708649-0.4557912938762456/package
527 verbose lock tar:///home/philip/tmp/npm-20650-DbK8lhFw/1456011708649-0.4557912938762456/package /home/philip/.npm/0991fc24-08649-0-4557912938762456-package.lock
528 silly lockFile 9c19c2f0-lip-npm-brunch-2-1-3-package-tgz tar:///home/philip/.npm/brunch/2.1.3/package.tgz
529 verbose lock tar:///home/philip/.npm/brunch/2.1.3/package.tgz /home/philip/.npm/9c19c2f0-lip-npm-brunch-2-1-3-package-tgz.lock
530 silly lockFile 0991fc24-08649-0-4557912938762456-package tar:///home/philip/tmp/npm-20650-DbK8lhFw/1456011708649-0.4557912938762456/package
531 silly lockFile 0991fc24-08649-0-4557912938762456-package tar:///home/philip/tmp/npm-20650-DbK8lhFw/1456011708649-0.4557912938762456/package
532 silly lockFile 9c19c2f0-lip-npm-brunch-2-1-3-package-tgz tar:///home/philip/.npm/brunch/2.1.3/package.tgz
533 silly lockFile 9c19c2f0-lip-npm-brunch-2-1-3-package-tgz tar:///home/philip/.npm/brunch/2.1.3/package.tgz
534 silly lockFile 081e8a8a--philip-npm-brunch-2-1-3-package /home/philip/.npm/brunch/2.1.3/package
535 verbose lock /home/philip/.npm/brunch/2.1.3/package /home/philip/.npm/081e8a8a--philip-npm-brunch-2-1-3-package.lock
536 silly lockFile 081e8a8a--philip-npm-brunch-2-1-3-package /home/philip/.npm/brunch/2.1.3/package
537 silly lockFile 081e8a8a--philip-npm-brunch-2-1-3-package /home/philip/.npm/brunch/2.1.3/package
538 verbose tar unpack /home/philip/.npm/brunch/2.1.3/package.tgz
539 silly lockFile 7557a200--philip-npm-brunch-2-1-3-package tar:///home/philip/.npm/brunch/2.1.3/package
540 verbose lock tar:///home/philip/.npm/brunch/2.1.3/package /home/philip/.npm/7557a200--philip-npm-brunch-2-1-3-package.lock
541 silly lockFile 9c19c2f0-lip-npm-brunch-2-1-3-package-tgz tar:///home/philip/.npm/brunch/2.1.3/package.tgz
542 verbose lock tar:///home/philip/.npm/brunch/2.1.3/package.tgz /home/philip/.npm/9c19c2f0-lip-npm-brunch-2-1-3-package-tgz.lock
543 silly gunzTarPerm modes [ '755', '644' ]
544 silly gunzTarPerm extractEntry package.json
545 silly gunzTarPerm extractEntry .npmignore
546 silly gunzTarPerm extractEntry README.md
547 silly gunzTarPerm extractEntry LICENSE
548 silly gunzTarPerm extractEntry .travis.yml
549 silly gunzTarPerm extractEntry CHANGELOG.md
550 silly gunzTarPerm extractEntry .eslintrc.json
551 silly gunzTarPerm extractEntry .gitmodules
552 silly gunzTarPerm extractEntry .editorconfig
553 silly gunzTarPerm extractEntry bin/brunch
554 silly gunzTarPerm extractEntry lib/application.js
555 silly gunzTarPerm extractEntry lib/deppack.js
556 silly gunzTarPerm extractEntry lib/watch.js
557 silly gunzTarPerm extractEntry lib/helpers.js
558 silly gunzTarPerm extractEntry lib/index.js
559 silly gunzTarPerm extractEntry lib/cli.js
560 silly gunzTarPerm extractEntry lib/modules.js
561 silly gunzTarPerm extractEntry lib/plugins.js
562 silly gunzTarPerm extractEntry lib/server.js
563 silly gunzTarPerm extractEntry lib/ui.js
564 silly gunzTarPerm extractEntry lib/worker.js
565 silly gunzTarPerm extractEntry lib/mediator.js
566 silly gunzTarPerm extractEntry lib/fs_utils/asset.js
567 silly gunzTarPerm extractEntry lib/fs_utils/common.js
568 silly gunzTarPerm extractEntry lib/fs_utils/file_list.js
569 silly gunzTarPerm extractEntry lib/fs_utils/generate.js
570 silly gunzTarPerm extractEntry lib/fs_utils/index.js
571 silly gunzTarPerm extractEntry lib/fs_utils/pipeline.js
572 silly gunzTarPerm extractEntry lib/fs_utils/source_file.js
573 silly gunzTarPerm extractEntry lib/fs_utils/write.js
574 silly gunzTarPerm extractEntry CONTRIBUTING.md
575 silly lockFile 7557a200--philip-npm-brunch-2-1-3-package tar:///home/philip/.npm/brunch/2.1.3/package
576 silly lockFile 7557a200--philip-npm-brunch-2-1-3-package tar:///home/philip/.npm/brunch/2.1.3/package
577 silly lockFile 9c19c2f0-lip-npm-brunch-2-1-3-package-tgz tar:///home/philip/.npm/brunch/2.1.3/package.tgz
578 silly lockFile 9c19c2f0-lip-npm-brunch-2-1-3-package-tgz tar:///home/philip/.npm/brunch/2.1.3/package.tgz
579 verbose chmod /home/philip/.npm/brunch/2.1.3/package.tgz 644
580 verbose chown /home/philip/.npm/brunch/2.1.3/package.tgz [ 1000, 1000 ]
581 silly lockFile 33124ba8-pmjs-org-brunch-brunch-2-1-3-tgz https://registry.npmjs.org/brunch/-/brunch-2.1.3.tgz
582 silly lockFile 33124ba8-pmjs-org-brunch-brunch-2-1-3-tgz https://registry.npmjs.org/brunch/-/brunch-2.1.3.tgz
583 silly lockFile deb19202-brunch-2-1-3 brunch@2.1.3
584 silly lockFile deb19202-brunch-2-1-3 brunch@2.1.3
585 silly lockFile ae899708-brunch-2-1-3 brunch@~2.1.3
586 silly lockFile ae899708-brunch-2-1-3 brunch@~2.1.3
587 http 404 https://registry.npmjs.org/phoenix_html
588 silly registry.get cb [ 404,
588 silly registry.get   { 'content-type': 'application/json',
588 silly registry.get     'cache-control': 'max-age=0',
588 silly registry.get     'content-length': '2',
588 silly registry.get     'accept-ranges': 'bytes',
588 silly registry.get     date: 'Sat, 20 Feb 2016 23:41:48 GMT',
588 silly registry.get     via: '1.1 varnish',
588 silly registry.get     age: '0',
588 silly registry.get     connection: 'keep-alive',
588 silly registry.get     'x-served-by': 'cache-ams4132-AMS',
588 silly registry.get     'x-cache': 'MISS',
588 silly registry.get     'x-cache-hits': '0',
588 silly registry.get     'x-timer': 'S1456011708.249591,VS0,VE704' } ]
589 error TypeError: Object.keys called on non-object
589 error     at Function.keys (native)
589 error     at installTargetsError (/usr/lib/node_modules/npm/lib/cache.js:708:24)
589 error     at /usr/lib/node_modules/npm/lib/cache.js:638:10
589 error     at saved (/usr/lib/node_modules/npm-registry-client/lib/get.js:148:7)
589 error     at /usr/lib/node_modules/graceful-fs/polyfills.js:133:7
589 error     at Object.oncomplete (fs.js:108:15)
590 error If you need help, you may report this log at:
590 error     <http://github.com/isaacs/npm/issues>
590 error or email it to:
590 error     <npm-@googlegroups.com>
591 error System Linux 4.3.5-300.fc23.x86_64
592 error command "node" "/usr/bin/npm" "install"
593 error cwd /home/philip/projects/experiments/scripture
594 error node -v v0.10.42
595 error npm -v 1.3.6
596 error type called_on_non_object
597 verbose exit [ 1, true ]
